[0.000000] [xbt_cfg/INFO] Configuration change: Set 'surf/precision' to '1e-9'
[0.000000] [xbt_cfg/INFO] Configuration change: Set 'network/model' to 'SMPI'
[0.000000] [xbt_cfg/INFO] Configuration change: Set 'network/TCP_gamma' to '4194304'
[0.000000] [xbt_cfg/INFO] Configuration change: Set 'smpi/privatize_global_variables' to 'yes'
[0.000000] [xbt_cfg/INFO] Configuration change: Set 'cpu/optim' to 'Lazy'
[0.000000] [xbt_cfg/INFO] Configuration change: Set 'maxmin/precision' to '1e-4'
[0.000000] [xbt_cfg/INFO] Configuration change: Set 'smpi/coll_selector' to 'mvapich2'
[0.000000] [xbt_cfg/INFO] Configuration change: Set 'smpi/cpu_threshold' to '0.00000001'
[0.000000] [xbt_cfg/INFO] Configuration change: Set 'smpi/running_power' to '50000000000.0'
[0.000000] [xbt_cfg/INFO] Configuration change: Set 'network/optim' to 'Lazy'
[0.000000] [xbt_cfg/INFO] Configuration change: Set 'smpi/display_timing' to '1'
[0.000000] [surf_parse/INFO] The custom configuration 'network/model' is already defined by user!
[0.000000] [surf_config/INFO] Switching workstation model to compound since you changed the network and/or cpu model(s)
Cities: 100
Processes: 4
Ants: 100
Alpha: 1.00
Beta: 2.00
Rho: 0.20
Q: 80

Best Distance So Far: 5454.940857512904586
Best Distance So Far: 5454.940857512904586
Best Distance So Far: 5360.311800007138118
Best Distance So Far: 5196.095396398583034
Best Distance So Far: 5196.095396398583034
Final Distance (0.000018555924678): 5196.095396398583034
[0.000021] [smpi_kernel/INFO] Simulated time: 2.09735e-05 seconds. 
 The simulation took 187.006 seconds (after parsing and platform setup)
66.1475 seconds were actual computation of the application
